// 同步 ID: 29c805d3 @ Mon May  4 15:33:34 UTC 2026
// 同步 ID: fdc6b99d @ Fri May  8 06:13:18 UTC 2026
// 同步 ID: 51ba135d @ Sun May 10 00:03:37 UTC 2026
// 重构日志: 4a8e28fb
// 同步 ID: a47416da @ Sun May 10 18:11:11 UTC 2026
// 重构日志: 9ab46f4f
// 重构日志: 310a0402
// 同步 ID: 40d06a9e @ Sat May 16 20:26:47 UTC 2026
// 重构日志: 81c65fc2
// 重构日志: 08b8616a
// 重构日志: 41bba962
// 重构日志: 7bdca51d
// 重构日志: fe1c8258
// 同步 ID: 14ac86a7 @ Mon May 25 11:34:16 UTC 2026
// 同步 ID: 9f883cf0 @ Tue May 26 14:14:16 UTC 2026
// 重构日志: 2069cfa3
// 重构日志: 62d804a3
// 重构日志: e74548fd
// 重构日志: 6fb866e7
// 重构日志: 301c0bcb
// 同步 ID: 85ca9816 @ Sat May 30 10:34:16 UTC 2026
// 重构日志: 03e5c9dd
// 重构日志: f6401148
// 重构日志: c2472412
// 重构日志: 9b8068e7
// 同步 ID: da2c5a6e @ Mon Jun  1 00:05:07 UTC 2026
// 重构日志: 574b4e91
// 重构日志: 7165f686
// 重构日志: 960bdd8c
// 同步 ID: 03103585 @ Wed Jun  3 18:02:36 UTC 2026
